<?xml version="1.0" encoding="UTF-8"?>
<testsuite name="smn.ktorexample.App3TestImprovedAndWorking" tests="2" skipped="0" failures="0" errors="0" timestamp="2021-04-21T17:49:25" hostname="DESKTOP-473A5QG" time="10.142">
  <properties/>
  <testcase name="testTesla()" classname="smn.ktorexample.App3TestImprovedAndWorking" time="9.999"/>
  <testcase name="testToyota()" classname="smn.ktorexample.App3TestImprovedAndWorking" time="0.143"/>
  <system-out><![CDATA[17:49:25.794 [MLog-Init-Reporter] INFO com.mchange.v2.log.MLog - MLog clients using slf4j logging.
17:49:25.811 [MLog-Init-Reporter] DEBUG com.mchange.v2.log.MLog - Reading VM config for path list /com/mchange/v2/log/default-mchange-log.properties, /mchange-commons.properties, /c3p0.properties, hocon:/reference,/application,/c3p0,/, /mchange-log.properties, /
17:49:25.811 [MLog-Init-Reporter] DEBUG com.mchange.v2.log.MLog - The configuration file for resource identifier '/mchange-commons.properties' could not be found. Skipping.
17:49:25.812 [MLog-Init-Reporter] DEBUG com.mchange.v2.log.MLog - The configuration file for resource identifier '/c3p0.properties' could not be found. Skipping.
17:49:25.812 [MLog-Init-Reporter] DEBUG com.mchange.v2.log.MLog - Missing or empty HOCON configuration for resource path 'reference'.
17:49:25.812 [MLog-Init-Reporter] DEBUG com.mchange.v2.log.MLog - Missing or empty HOCON configuration for resource path 'c3p0'.
17:49:25.813 [MLog-Init-Reporter] DEBUG com.mchange.v2.log.MLog - Value at path 'ktor.application.modules' could not be converted to a String. Skipping.
17:49:25.813 [MLog-Init-Reporter] DEBUG com.mchange.v2.log.MLog - The configuration file for resource identifier '/mchange-log.properties' could not be found. Skipping.
17:49:25.824 [Test worker] DEBUG com.mchange.v2.cfg.MConfig - The configuration file for resource identifier '/mchange-commons.properties' could not be found. Skipping.
17:49:25.825 [Test worker] DEBUG com.mchange.v2.cfg.MConfig - The configuration file for resource identifier '/mchange-log.properties' could not be found. Skipping.
17:49:25.825 [Test worker] DEBUG com.mchange.v2.cfg.MConfig - Missing or empty HOCON configuration for resource path 'reference'.
17:49:25.825 [Test worker] DEBUG com.mchange.v2.cfg.MConfig - Missing or empty HOCON configuration for resource path 'c3p0'.
17:49:25.825 [Test worker] DEBUG com.mchange.v2.cfg.MConfig - Value at path 'ktor.application.modules' could not be converted to a String. Skipping.
17:49:25.825 [Test worker] DEBUG com.mchange.v2.cfg.MConfig - The configuration file for resource identifier '/c3p0.properties' could not be found. Skipping.
17:49:25.958 [Test worker] INFO com.mchange.v2.c3p0.C3P0Registry - Initializing c3p0-0.9.5.5 [built 11-December-2019 22:18:33 -0800; debug? true; trace: 10]
17:49:25.992 [Test worker] DEBUG com.mchange.v2.c3p0.management.DynamicPooledDataSourceManagerMBean - MBean: com.mchange.v2.c3p0:type=PooledDataSource,identityToken=1hge0wwag1w4qnz9149zote|16c314e1,name=1hge0wwag1w4qnz9149zote|16c314e1 registered.
17:49:26.012 [Test worker] DEBUG com.mchange.v2.c3p0.management.DynamicPooledDataSourceManagerMBean - MBean: com.mchange.v2.c3p0:type=PooledDataSource,identityToken=1hge0wwag1w4qnz9149zote|16c314e1,name=1hge0wwag1w4qnz9149zote|16c314e1 unregistered, in order to be reregistered after update.
17:49:26.013 [Test worker] DEBUG com.mchange.v2.c3p0.management.DynamicPooledDataSourceManagerMBean - MBean: com.mchange.v2.c3p0:type=PooledDataSource,identityToken=1hge0wwag1w4qnz9149zote|16c314e1,name=1hge0wwag1w4qnz9149zote|16c314e1 registered.
17:49:26.041 [Test worker] INFO io.zonky.test.db.postgres.embedded.EmbeddedPostgres - Detected a Windows x86_64 system
17:49:26.047 [Test worker] INFO io.zonky.test.db.postgres.embedded.DefaultPostgresBinaryResolver - Detected distribution: 'Unknown'
17:49:26.049 [Test worker] INFO io.zonky.test.db.postgres.embedded.DefaultPostgresBinaryResolver - System specific postgres binaries found: postgres-windows-x86_64.txz
17:49:26.140 [Test worker] INFO io.zonky.test.db.postgres.embedded.EmbeddedPostgres - Postgres binaries at C:\Users\sigmu\AppData\Local\Temp\embedded-pg\PG-69d5f47d6fedb4ea8952574efc56e61d
17:49:26.225 [initdb:pid(152)] INFO io.zonky.test.db.postgres.embedded.EmbeddedPostgres - The files belonging to this database system will be owned by user "sigmu".
17:49:26.225 [initdb:pid(152)] INFO io.zonky.test.db.postgres.embedded.EmbeddedPostgres - This user must also own the server process.
17:49:26.225 [initdb:pid(152)] INFO io.zonky.test.db.postgres.embedded.EmbeddedPostgres - 
17:49:26.243 [initdb:pid(152)] INFO io.zonky.test.db.postgres.embedded.EmbeddedPostgres - The database cluster will be initialized with locale "Norwegian_Norway.1252".
17:49:26.243 [initdb:pid(152)] INFO io.zonky.test.db.postgres.embedded.EmbeddedPostgres - The default text search configuration will be set to "norwegian".
17:49:26.243 [initdb:pid(152)] INFO io.zonky.test.db.postgres.embedded.EmbeddedPostgres - 
17:49:26.243 [initdb:pid(152)] INFO io.zonky.test.db.postgres.embedded.EmbeddedPostgres - Data page checksums are disabled.
17:49:26.243 [initdb:pid(152)] INFO io.zonky.test.db.postgres.embedded.EmbeddedPostgres - 
17:49:26.243 [initdb:pid(152)] INFO io.zonky.test.db.postgres.embedded.EmbeddedPostgres - fixing permissions on existing directory C:/Users/sigmu/AppData/Local/Temp/epg17876435075586103788 ... ok
17:49:26.247 [initdb:pid(152)] INFO io.zonky.test.db.postgres.embedded.EmbeddedPostgres - creating subdirectories ... ok
17:49:26.302 [initdb:pid(152)] INFO io.zonky.test.db.postgres.embedded.EmbeddedPostgres - selecting default max_connections ... 100
17:49:26.388 [initdb:pid(152)] INFO io.zonky.test.db.postgres.embedded.EmbeddedPostgres - selecting default shared_buffers ... 128MB
17:49:26.392 [initdb:pid(152)] INFO io.zonky.test.db.postgres.embedded.EmbeddedPostgres - selecting default timezone ... CET
17:49:26.392 [initdb:pid(152)] INFO io.zonky.test.db.postgres.embedded.EmbeddedPostgres - selecting dynamic shared memory implementation ... windows
17:49:26.399 [initdb:pid(152)] INFO io.zonky.test.db.postgres.embedded.EmbeddedPostgres - creating configuration files ... ok
17:49:27.269 [initdb:pid(152)] INFO io.zonky.test.db.postgres.embedded.EmbeddedPostgres - running bootstrap script ... ok
17:49:29.015 [initdb:pid(152)] INFO io.zonky.test.db.postgres.embedded.EmbeddedPostgres - performing post-bootstrap initialization ... ok
17:49:33.598 [initdb:pid(152)] INFO io.zonky.test.db.postgres.embedded.EmbeddedPostgres - syncing data to disk ... ok
17:49:33.598 [initdb:pid(152)] INFO io.zonky.test.db.postgres.embedded.EmbeddedPostgres - 
17:49:33.598 [initdb:pid(152)] INFO io.zonky.test.db.postgres.embedded.EmbeddedPostgres - Success. You can now start the database server using:
17:49:33.598 [initdb:pid(152)] INFO io.zonky.test.db.postgres.embedded.EmbeddedPostgres - 
17:49:33.598 [initdb:pid(152)] INFO io.zonky.test.db.postgres.embedded.EmbeddedPostgres -     C:/Users/sigmu/AppData/Local/Temp/embedded-pg/PG-69d5f47d6fedb4ea8952574efc56e61d/bin/pg_ctl -D ^"C^:^\Users^\sigmu^\AppData^\Local^\Temp^\epg17876435075586103788^" -l logfile start
17:49:33.598 [initdb:pid(152)] INFO io.zonky.test.db.postgres.embedded.EmbeddedPostgres - 
17:49:33.603 [Test worker] INFO io.zonky.test.db.postgres.embedded.EmbeddedPostgres - 693befe1-3db5-4957-85c7-10449bb7018e initdb completed in 00:00:07.459
17:49:33.611 [Test worker] INFO io.zonky.test.db.postgres.embedded.EmbeddedPostgres - 693befe1-3db5-4957-85c7-10449bb7018e postmaster started as Process[pid=804, exitValue="not exited"] on port 53113.  Waiting up to PT10S for server startup to finish.
17:49:33.695 [postgres:pid(804)] INFO io.zonky.test.db.postgres.embedded.EmbeddedPostgres - 2021-04-21 19:49:33.696 CEST [804] LOG:  listening on IPv6 address "::1", port 53113
17:49:33.696 [postgres:pid(804)] INFO io.zonky.test.db.postgres.embedded.EmbeddedPostgres - 2021-04-21 19:49:33.696 CEST [804] LOG:  listening on IPv4 address "127.0.0.1", port 53113
17:49:33.748 [postgres:pid(804)] INFO io.zonky.test.db.postgres.embedded.EmbeddedPostgres - 2021-04-21 19:49:33.748 CEST [13844] LOG:  database system was shut down at 2021-04-21 19:49:29 CEST
17:49:33.775 [postgres:pid(804)] INFO io.zonky.test.db.postgres.embedded.EmbeddedPostgres - 2021-04-21 19:49:33.776 CEST [804] LOG:  database system is ready to accept connections
17:49:34.270 [postgres:pid(804)] INFO io.zonky.test.db.postgres.embedded.EmbeddedPostgres - 2021-04-21 19:49:34.270 CEST [12852] LOG:  incomplete startup packet
17:49:34.279 [postgres:pid(804)] INFO io.zonky.test.db.postgres.embedded.EmbeddedPostgres - 2021-04-21 19:49:34.279 CEST [13648] LOG:  incomplete startup packet
17:49:34.374 [Test worker] INFO io.zonky.test.db.postgres.embedded.EmbeddedPostgres - 693befe1-3db5-4957-85c7-10449bb7018e postmaster startup finished in 00:00:00.766
17:49:34.407 [Test worker] INFO com.mchange.v2.c3p0.impl.AbstractPoolBackedDataSource - Initializing c3p0 pool... com.mchange.v2.c3p0.ComboPooledDataSource [ acquireIncrement -> 3, acquireRetryAttempts -> 30, acquireRetryDelay -> 1000, autoCommitOnClose -> false, automaticTestTable -> null, breakAfterAcquireFailure -> false, checkoutTimeout -> 0, connectionCustomizerClassName -> null, connectionTesterClassName -> com.mchange.v2.c3p0.impl.DefaultConnectionTester, contextClassLoaderSource -> caller, dataSourceName -> 1hge0wwag1w4qnz9149zote|16c314e1, debugUnreturnedConnectionStackTraces -> false, description -> null, driverClass -> org.postgresql.Driver, extensions -> {}, factoryClassLocation -> null, forceIgnoreUnresolvedTransactions -> false, forceSynchronousCheckins -> false, forceUseNamedDriverClass -> false, identityToken -> 1hge0wwag1w4qnz9149zote|16c314e1, idleConnectionTestPeriod -> 0, initialPoolSize -> 3, jdbcUrl -> jdbc:postgresql://localhost:53113/postgres, maxAdministrativeTaskTime -> 0, maxConnectionAge -> 0, maxIdleTime -> 0, maxIdleTimeExcessConnections -> 0, maxPoolSize -> 15, maxStatements -> 0, maxStatementsPerConnection -> 0, minPoolSize -> 3, numHelperThreads -> 3, preferredTestQuery -> null, privilegeSpawnedThreads -> false, properties -> {password=******, user=******}, propertyCycle -> 0, statementCacheNumDeferredCloseThreads -> 0, testConnectionOnCheckin -> false, testConnectionOnCheckout -> false, unreturnedConnectionTimeout -> 0, userOverrides -> {}, usesTraditionalReflectiveProxies -> false ]
17:49:34.425 [Test worker] DEBUG com.mchange.v2.cfg.MConfig - The configuration file for resource identifier '/mchange-commons.properties' could not be found. Skipping.
17:49:34.425 [Test worker] DEBUG com.mchange.v2.cfg.MConfig - The configuration file for resource identifier '/mchange-log.properties' could not be found. Skipping.
17:49:34.425 [Test worker] DEBUG com.mchange.v2.cfg.MConfig - The configuration file for resource identifier '/c3p0.properties' could not be found. Skipping.
17:49:34.425 [Test worker] DEBUG com.mchange.v2.cfg.MConfig - Missing or empty HOCON configuration for resource path 'reference'.
17:49:34.425 [Test worker] DEBUG com.mchange.v2.cfg.MConfig - Missing or empty HOCON configuration for resource path 'c3p0'.
17:49:34.425 [Test worker] DEBUG com.mchange.v2.cfg.MConfig - Value at path 'ktor.application.modules' could not be converted to a String. Skipping.
17:49:34.427 [Test worker] DEBUG com.mchange.v2.resourcepool.BasicResourcePool - com.mchange.v2.resourcepool.BasicResourcePool@9b438c4 config: [start -> 3; min -> 3; max -> 15; inc -> 3; num_acq_attempts -> 30; acq_attempt_delay -> 1000; check_idle_resources_delay -> 0; max_resource_age -> 0; max_idle_time -> 0; excess_max_idle_time -> 0; destroy_unreturned_resc_time -> 0; expiration_enforcement_delay -> 0; break_on_acquisition_failure -> false; debug_store_checkout_exceptions -> false; force_synchronous_checkins -> false]
17:49:34.427 [Test worker] DEBUG com.mchange.v2.c3p0.impl.C3P0PooledConnectionPoolManager - Created new pool for auth, username (masked): 'po******'.
17:49:34.428 [Test worker] DEBUG com.mchange.v2.resourcepool.BasicResourcePool - acquire test -- pool size: 0; target_pool_size: 3; desired target? 1
17:49:34.428 [Test worker] DEBUG com.mchange.v2.resourcepool.BasicResourcePool - awaitAvailable(): [unknown]
17:49:34.560 [Test worker] INFO org.ktorm.database - Connected to jdbc:postgresql://localhost:53113/postgres, productName: PostgreSQL, productVersion: 10.11, logger: org.ktorm.logging.Slf4jLoggerAdapter@3c084def, dialect: org.ktorm.support.postgresql.PostgreSqlDialect@9dc33d5
17:49:34.867 [Test worker] DEBUG ktor.test - Java Home: C:\Program Files\Zulu
17:49:34.868 [Test worker] DEBUG ktor.test - Class Loader: jdk.internal.loader.ClassLoaders$AppClassLoader@2f333739: [file:/C:/Users/sigmu/.gradle/caches/modules-2/files-2.1/ch.qos.logback/logback-classic/1.2.3/7c4f3c474fb2c041d8028740440937705ebb473a/logback-classic-1.2.3.jar!/ch, file:/C:/Users/sigmu/.gradle/caches/modules-2/files-2.1/ch.qos.logback/logback-core/1.2.3/864344400c3d4d92dfeb0a305dc87d953677c03c/logback-core-1.2.3.jar!/ch, file:/C:/Users/sigmu/.gradle/caches/modules-2/files-2.1/org.apache.tomcat.embed/tomcat-embed-core/9.0.37/c3f788de87f17eb57a9e7083736c1820fcbc1046/tomcat-embed-core-9.0.37.jar!/javax, file:/C:/Users/sigmu/.gradle/caches/modules-2/files-2.1/org.apache.tomcat/tomcat-jsp-api/9.0.37/2db6ce249fd97d1c679d65076a90d0c0e4201cbf/tomcat-jsp-api-9.0.37.jar!/javax, file:/C:/Users/sigmu/.gradle/caches/modules-2/files-2.1/org.apache.tomcat/tomcat-servlet-api/9.0.37/2a6243cc9f34698a58915f91c0b1ca573e01465c/tomcat-servlet-api-9.0.37.jar!/javax, file:/C:/Users/sigmu/.gradle/caches/modules-2/files-2.1/org.apache.tomcat/tomcat-annotations-api/9.0.37/888a1285ad5f3ac4055b2273f31d96e130e170a8/tomcat-annotations-api-9.0.37.jar!/javax, file:/C:/Users/sigmu/.gradle/caches/modules-2/files-2.1/org.apache.tomcat/tomcat-jaspic-api/9.0.37/1f9f1b8afafc281d3721b2aef120b50a9f2c8fd5/tomcat-jaspic-api-9.0.37.jar!/javax, file:/C:/Users/sigmu/.gradle/caches/modules-2/files-2.1/org.apache.tomcat/tomcat-el-api/9.0.37/a837d2b64c33dcd7781917a345b9b0946bd43024/tomcat-el-api-9.0.37.jar!/javax, file:/C:/Users/sigmu/.gradle/caches/modules-2/files-2.1/org.slf4j/slf4j-api/1.7.30/b5a4b6d16ab13e34a88fae84c35cd5d68cac922c/slf4j-api-1.7.30.jar!/org, file:/C:/Users/sigmu/.gradle/caches/modules-2/files-2.1/org.ktorm/ktorm-support-postgresql/3.3.0/af097d8d3a582e49efdf45e055950a4883180a8d/ktorm-support-postgresql-3.3.0.jar!/org, file:/C:/Users/sigmu/.gradle/caches/modules-2/files-2.1/org.ktorm/ktorm-core/3.3.0/65594fe4a272d2a767bcfc412e9de769b0a0f255/ktorm-core-3.3.0.jar!/org, file:/C:/Users/sigmu/.gradle/caches/modules-2/files-2.1/org.postgresql/postgresql/42.2.14/45fa6eef266aa80024ef2ab3688d9faa38c642e5/postgresql-42.2.14.jar!/org, file:/C:/Users/sigmu/.gradle/caches/modules-2/files-2.1/org.flywaydb/flyway-core/7.5.4/8876b0ac0ca790660d8d0c9db6eb742d6e06631d/flyway-core-7.5.4.jar!/org, file:/C:/Users/sigmu/.gradle/caches/modules-2/files-2.1/org.junit.jupiter/junit-jupiter-params/5.7.1/6f81b3c053433a8a40a378d2b4f056c5c31e50ff/junit-jupiter-params-5.7.1.jar!/org, file:/C:/Users/sigmu/.gradle/caches/modules-2/files-2.1/org.junit.jupiter/junit-jupiter-engine/5.7.1/7fcfa59c5533abb41f86b1408960737eeaf1f49f/junit-jupiter-engine-5.7.1.jar!/org, file:/C:/Users/sigmu/.gradle/caches/modules-2/files-2.1/org.junit.jupiter/junit-jupiter-api/5.7.1/a7261dff44e64aea7f621842eac5977fd6d2412d/junit-jupiter-api-5.7.1.jar!/org, file:/C:/Users/sigmu/.gradle/caches/modules-2/files-2.1/org.junit.platform/junit-platform-engine/1.7.1/d276a968c57f5d60a421dedd1f8b6ca2fae09e86/junit-platform-engine-1.7.1.jar!/org, file:/C:/Users/sigmu/.gradle/caches/modules-2/files-2.1/org.junit.platform/junit-platform-commons/1.7.1/7c49f0074842d07f4335de2389d624a7437d1407/junit-platform-commons-1.7.1.jar!/META-INF/versions/9/org/, file:/C:/Users/sigmu/.gradle/caches/modules-2/files-2.1/org.apache.commons/commons-lang3/3.10/e155460aaf5b464062a09c3923f089ce99128a17/commons-lang3-3.10.jar!/org, file:/C:/Users/sigmu/.gradle/caches/modules-2/files-2.1/org.apache.commons/commons-compress/1.20/b8df472b31e1f17c232d2ad78ceb1c84e00c641b/commons-compress-1.20.jar!/org, file:/C:/Users/sigmu/.gradle/caches/modules-2/files-2.1/org.tukaani/xz/1.8/c4f7d054303948eb6a4066194253886c8af07128/xz-1.8.jar!/org, file:/C:/Users/sigmu/.gradle/caches/modules-2/files-2.1/commons-io/commons-io/2.7/3f2bd4ba11c4162733c13cc90ca7c7ea09967102/commons-io-2.7.jar!/org, file:/C:/Users/sigmu/.gradle/caches/modules-2/files-2.1/commons-codec/commons-codec/1.14/3cb1181b2141a7e752f5bdc998b7ef1849f726cf/commons-codec-1.14.jar!/org, file:/C:/Users/sigmu/.gradle/caches/modules-2/files-2.1/org.apache.tomcat/tomcat-catalina/9.0.37/ce4e8d5bc540b0cc6acd69bf81c885e0a1288067/tomcat-catalina-9.0.37.jar!/org, file:/C:/Users/sigmu/.gradle/caches/modules-2/files-2.1/org.eclipse.jetty.http2/http2-http-client-transport/9.4.31.v20200723/6b12bda474f3033d2213af1e7dc49a08f9922852/http2-http-client-transport-9.4.31.v20200723.jar!/org, file:/C:/Users/sigmu/.gradle/caches/modules-2/files-2.1/org.eclipse.jetty.http2/http2-client/9.4.31.v20200723/941313dcc9846ef76523e1947083206a103ca763/http2-client-9.4.31.v20200723.jar!/org, file:/C:/Users/sigmu/.gradle/caches/modules-2/files-2.1/org.eclipse.jetty/jetty-client/9.4.31.v20200723/a4d779d1dcd7fa948d1175ebf3e20a0b0caacdc/jetty-client-9.4.31.v20200723.jar!/org, file:/C:/Users/sigmu/.gradle/caches/modules-2/files-2.1/junit/junit/4.12/2973d150c0dc1fefe998f834810d68f278ea58ec/junit-4.12.jar!/org, file:/C:/Users/sigmu/.gradle/caches/modules-2/files-2.1/org.jetbrains/annotations/13.0/919f0dfe192fb4e063e7dacadee7f8bb9a2672a9/annotations-13.0.jar!/org, file:/C:/Users/sigmu/.gradle/caches/modules-2/files-2.1/org.apache.tomcat/tomcat-util-scan/9.0.37/18122c4ac58e9bc910b70c817bd8038291f39513/tomcat-util-scan-9.0.37.jar!/org, file:/C:/Users/sigmu/.gradle/caches/modules-2/files-2.1/org.apache.tomcat/tomcat-api/9.0.37/6f0839e1a9e2d3d562d40067844b1d18cb47ebef/tomcat-api-9.0.37.jar!/org, file:/C:/Users/sigmu/.gradle/caches/modules-2/files-2.1/org.apache.tomcat/tomcat-coyote/9.0.37/af21be1f849915bc386de305f26fd894e5767247/tomcat-coyote-9.0.37.jar!/org, file:/C:/Users/sigmu/.gradle/caches/modules-2/files-2.1/org.apache.tomcat/tomcat-util/9.0.37/7fd158293f4787be31eb3e16457da89d9a0fb35f/tomcat-util-9.0.37.jar!/org, file:/C:/Users/sigmu/.gradle/caches/modules-2/files-2.1/org.apache.tomcat/tomcat-juli/9.0.37/5112dae6d0295717ab8fcc9b100af612d5486663/tomcat-juli-9.0.37.jar!/org, file:/C:/Users/sigmu/.gradle/caches/modules-2/files-2.1/org.apache.tomcat/tomcat-jni/9.0.37/35d43c37ceb599b19d70eacdc45619061d6eb2cd/tomcat-jni-9.0.37.jar!/org, file:/C:/Users/sigmu/.gradle/caches/modules-2/files-2.1/org.apiguardian/apiguardian-api/1.1.0/fc9dff4bb36d627bdc553de77e1f17efd790876c/apiguardian-api-1.1.0.jar!/org, file:/C:/Users/sigmu/.gradle/caches/modules-2/files-2.1/org.opentest4j/opentest4j/1.2.0/28c11eb91f9b6d8e200631d46e20a7f407f2a046/opentest4j-1.2.0.jar!/org, file:/C:/Users/sigmu/.gradle/caches/modules-2/files-2.1/org.objenesis/objenesis/3.1/48f12deaae83a8dfc3775d830c9fd60ea59bbbca/objenesis-3.1.jar!/org, file:/C:/Users/sigmu/.gradle/caches/modules-2/files-2.1/org.eclipse.jetty.http2/http2-common/9.4.31.v20200723/dd6fc64e41103afca8f9c1c1465ec24541e5681c/http2-common-9.4.31.v20200723.jar!/org, file:/C:/Users/sigmu/.gradle/caches/modules-2/files-2.1/org.eclipse.jetty/jetty-alpn-openjdk8-client/9.4.31.v20200723/5c4c0f19a0a1c8a760c298049be7412f7e901bce/jetty-alpn-openjdk8-client-9.4.31.v20200723.jar!/org, file:/C:/Users/sigmu/.gradle/caches/modules-2/files-2.1/org.eclipse.jetty/jetty-alpn-java-client/9.4.31.v20200723/f863d49267102c624812efd1ec7f43d6e8c1c30b/jetty-alpn-java-client-9.4.31.v20200723.jar!/org, file:/C:/Users/sigmu/.gradle/caches/modules-2/files-2.1/org.eclipse.jetty/jetty-alpn-client/9.4.31.v20200723/32a4ae2f1eb4d40c9411e092089b867d29e09e9c/jetty-alpn-client-9.4.31.v20200723.jar!/org, file:/C:/Users/sigmu/.gradle/caches/modules-2/files-2.1/org.eclipse.jetty.http2/http2-hpack/9.4.31.v20200723/836f1a761bf5942494b3c41c9470ea1cd39c8420/http2-hpack-9.4.31.v20200723.jar!/org, file:/C:/Users/sigmu/.gradle/caches/modules-2/files-2.1/org.eclipse.jetty/jetty-http/9.4.31.v20200723/6862f0e6fc7e9f8828416a7cae1477b233d92f8/jetty-http-9.4.31.v20200723.jar!/org, file:/C:/Users/sigmu/.gradle/caches/modules-2/files-2.1/org.eclipse.jetty/jetty-io/9.4.31.v20200723/328e4562e0f30e01efea63efe4fc24b2b860d852/jetty-io-9.4.31.v20200723.jar!/org, file:/C:/Users/sigmu/.gradle/caches/modules-2/files-2.1/org.hamcrest/hamcrest-core/1.3/42a25dc3219429f0e5d060061f71acb49bf010a0/hamcrest-core-1.3.jar!/org, file:/C:/Users/sigmu/.gradle/caches/modules-2/files-2.1/com.googlecode.json-simple/json-simple/1.1.1/c9ad4a0850ab676c5c64461a05ca524cdfff59f1/json-simple-1.1.1.jar!/org, file:/C:/Users/sigmu/.gradle/caches/modules-2/files-2.1/org.eclipse.jetty/jetty-util/9.4.31.v20200723/b9c346da72d8715bdfb0373a123374ec6ac9e544/jetty-util-9.4.31.v20200723.jar!/org, file:/C:/Users/sigmu/.gradle/caches/modules-2/files-2.1/io.ktor/ktor-server-tomcat/1.5.3/171a7bcae6b9c7c5506c91e20dea3352effb7653/ktor-server-tomcat-jvm-1.5.3.jar!/io, file:/C:/Users/sigmu/.gradle/caches/modules-2/files-2.1/io.ktor/ktor-server-test-host/1.5.3/b82005dd38aa8db4255739870dc42f6c01dae056/ktor-server-test-host-jvm-1.5.3.jar!/io, file:/C:/Users/sigmu/.gradle/caches/modules-2/files-2.1/io.ktor/ktor-server-servlet/1.5.3/1150cb45130bdd196e7f2dffc892ec8b65046bf7/ktor-server-servlet-jvm-1.5.3.jar!/io, file:/C:/Users/sigmu/.gradle/caches/modules-2/files-2.1/io.ktor/ktor-server-host-common/1.5.3/abb76562c666262cfb28788783b3203fb2592e24/ktor-server-host-common-jvm-1.5.3.jar!/io, file:/C:/Users/sigmu/.gradle/caches/modules-2/files-2.1/io.ktor/ktor-locations/1.5.3/8dfb5e7a12740b3c0e7df41c131a91a8921f9b00/ktor-locations-jvm-1.5.3.jar!/io, file:/C:/Users/sigmu/.gradle/caches/modules-2/files-2.1/io.ktor/ktor-auth/1.5.3/5b148e1bc55844564ddc54391a52d122b8ce5f21/ktor-auth-jvm-1.5.3.jar!/io, file:/C:/Users/sigmu/.gradle/caches/modules-2/files-2.1/io.ktor/ktor-gson/1.5.3/7452a4069cd796a4a71081ad1a104cce54438414/ktor-gson-jvm-1.5.3.jar!/io, file:/C:/Users/sigmu/.gradle/caches/modules-2/files-2.1/io.ktor/ktor-serialization/1.5.3/a6ec30181047989d56f2cd60f7099798a4adea51/ktor-serialization-jvm-1.5.3.jar!/io, file:/C:/Users/sigmu/.gradle/caches/modules-2/files-2.1/io.ktor/ktor-jackson/1.5.3/570aad27e904dff64488ae8856513eb73ec6b79e/ktor-jackson-jvm-1.5.3.jar!/io, file:/C:/Users/sigmu/.gradle/caches/modules-2/files-2.1/io.ktor/ktor-websockets/1.5.3/5ed6792635da0b358dbd490aef6f9819bc8b0182/ktor-websockets-jvm-1.5.3.jar!/io, file:/C:/Users/sigmu/.gradle/caches/modules-2/files-2.1/io.ktor/ktor-server-core/1.5.3/57b40229736eb08d505c23e37374aa932694d6f6/ktor-server-core-jvm-1.5.3.jar!/io, file:/C:/Users/sigmu/.gradle/caches/modules-2/files-2.1/io.ktor/ktor-network-tls-certificates/1.5.3/7531af95820416d3ba2884444e9f255433dc4d1f/ktor-network-tls-certificates-jvm-1.5.3.jar!/io, file:/C:/Users/sigmu/.gradle/caches/modules-2/files-2.1/io.zonky.test/embedded-postgres/1.2.9/aeae8f90b8cbd2cae646878811084a25a28232d8/embedded-postgres-1.2.9.jar!/io, file:/C:/Users/sigmu/.gradle/caches/modules-2/files-2.1/io.ktor/ktor-client-gson/1.5.3/4798c8db585f0eaaba29832a705418f083198de5/ktor-client-gson-jvm-1.5.3.jar!/io, file:/C:/Users/sigmu/.gradle/caches/modules-2/files-2.1/io.ktor/ktor-client-cio-jvm/1.5.3/8b4867b0fdf8258f57e2b46524bad17f29a04531/ktor-client-cio-jvm-1.5.3.jar!/io, file:/C:/Users/sigmu/.gradle/caches/modules-2/files-2.1/io.ktor/ktor-network-tls-jvm/1.5.3/106b586b539f187cfe555fb2868d989fcf1a622d/ktor-network-tls-jvm-1.5.3.jar!/io, file:/C:/Users/sigmu/.gradle/caches/modules-2/files-2.1/io.ktor/ktor-client-json-jvm/1.5.3/f0971990fb69ac6e73d52eb843b8d8acdbfbcadc/ktor-client-json-jvm-1.5.3.jar!/io, file:/C:/Users/sigmu/.gradle/caches/modules-2/files-2.1/io.ktor/ktor-client-jetty/1.5.3/2040c0a7c707075cc53bc8e7f66b8ec4f19eeb79/ktor-client-jetty-jvm-1.5.3.jar!/io, file:/C:/Users/sigmu/.gradle/caches/modules-2/files-2.1/io.ktor/ktor-client-core-jvm/1.5.3/49e763e2160be29be031e2c1fb888c5ce5bd65d6/ktor-client-core-jvm-1.5.3.jar!/io, file:/C:/Users/sigmu/.gradle/caches/modules-2/files-2.1/io.ktor/ktor-http-cio-jvm/1.5.3/57deb2da2962c89baf7dceb17a7383d970a50281/ktor-http-cio-jvm-1.5.3.jar!/io, file:/C:/Users/sigmu/.gradle/caches/modules-2/files-2.1/io.ktor/ktor-http-jvm/1.5.3/f2a0fe59aa872db562746880f27b493f7bff4fa7/ktor-http-jvm-1.5.3.jar!/io, file:/C:/Users/sigmu/.gradle/caches/modules-2/files-2.1/io.ktor/ktor-network-jvm/1.5.3/84baa7cc3b370e47a69de83d7b33f02972614a2a/ktor-network-jvm-1.5.3.jar!/io, file:/C:/Users/sigmu/.gradle/caches/modules-2/files-2.1/io.ktor/ktor-utils-jvm/1.5.3/dbdd7b90a445e1c7ae248b6549c221dbf8d27651/ktor-utils-jvm-1.5.3.jar!/io, file:/C:/Users/sigmu/.gradle/caches/modules-2/files-2.1/io.ktor/ktor-io-jvm/1.5.3/12830f733943a59807770799c0394624749ba649/ktor-io-jvm-1.5.3.jar!/io, file:/C:/Users/sigmu/.gradle/caches/modules-2/files-2.1/io.mockk/mockk/1.10.6/59ad4fd4ac3c0aa8983caca2993aad3824b26eb3/mockk-1.10.6.jar!/io, file:/C:/Users/sigmu/.gradle/caches/modules-2/files-2.1/io.mockk/mockk-agent-jvm/1.10.6/d2e8a0bf987d2f50d69798c9bbbb4dba18067950/mockk-agent-jvm-1.10.6.jar!/io, file:/C:/Users/sigmu/.gradle/caches/modules-2/files-2.1/io.mockk/mockk-common/1.10.6/d252d3bc25f66dd9b0195329a8868fcb2c7f95d2/mockk-common-1.10.6.jar!/io, file:/C:/Users/sigmu/.gradle/caches/modules-2/files-2.1/io.mockk/mockk-dsl-jvm/1.10.6/e99abb6d11ec4b587e180a0e3c1d62bd93c096df/mockk-dsl-jvm-1.10.6.jar!/io, file:/C:/Users/sigmu/.gradle/caches/modules-2/files-2.1/io.mockk/mockk-agent-common/1.10.6/681fd3a944d98ad3b105bcb24199fa2a63d10b2d/mockk-agent-common-1.10.6.jar!/io, file:/C:/Users/sigmu/.gradle/caches/modules-2/files-2.1/io.mockk/mockk-agent-api/1.10.6/77dc50fdcba50d9596771624dc54b78b19241e11/mockk-agent-api-1.10.6.jar!/io, file:/C:/Users/sigmu/.gradle/caches/modules-2/files-2.1/io.mockk/mockk-dsl/1.10.6/823602e69dc2c6b6368aa73da8cc3903bd6ad694/mockk-dsl-1.10.6.jar!/io, /C:/Users/sigmu/foredrag/ktorexample/build/classes/kotlin/test/smn, /C:/Users/sigmu/foredrag/ktorexample/build/classes/kotlin/main/smn, file:/C:/Users/sigmu/.gradle/caches/modules-2/files-2.1/com.mchange/c3p0/0.9.5.5/37dfc3021e5589d65ff2ae0becf811510b87ab01/c3p0-0.9.5.5.jar!/com, file:/C:/Users/sigmu/.gradle/caches/modules-2/files-2.1/com.fasterxml.jackson.datatype/jackson-datatype-jsr310/2.10.2/8d95d3f2b20c7d2f598b6d5e7f4e2d688ac1bc78/jackson-datatype-jsr310-2.10.2.jar!/com, file:/C:/Users/sigmu/.gradle/caches/modules-2/files-2.1/com.fasterxml.jackson.module/jackson-module-kotlin/2.10.2/939796de1ff084e55fc7bbfc9d34cb0b8ac97fb8/jackson-module-kotlin-2.10.2.jar!/com, file:/C:/Users/sigmu/.gradle/caches/modules-2/files-2.1/com.mchange/mchange-commons-java/0.2.19/7a4bee38ea02bd7dee776869b19fb3f6861d6acf/mchange-commons-java-0.2.19.jar!/com, file:/C:/Users/sigmu/.gradle/caches/modules-2/files-2.1/com.google.code.gson/gson/2.8.6/9180733b7df8542621dc12e21e87557e8c99b8cb/gson-2.8.6.jar!/com, file:/C:/Users/sigmu/.gradle/caches/modules-2/files-2.1/com.fasterxml.jackson.core/jackson-databind/2.10.2/528de95f198afafbcfb0c09d2e43b6e0ea663ec/jackson-databind-2.10.2.jar!/com, file:/C:/Users/sigmu/.gradle/caches/modules-2/files-2.1/com.fasterxml.jackson.core/jackson-annotations/2.10.2/3a13b6105946541b8d4181a0506355b5fae63260/jackson-annotations-2.10.2.jar!/com, file:/C:/Users/sigmu/.gradle/caches/modules-2/files-2.1/com.fasterxml.jackson.core/jackson-core/2.10.2/73d4322a6bda684f676a2b5fe918361c4e5c7cca/jackson-core-2.10.2.jar!/com, file:/C:/Users/sigmu/.gradle/caches/modules-2/files-2.1/net.java.dev.jna/jna-platform/5.5.0/af38e7c4d0fc73c23ecd785443705bfdee5b90bf/jna-platform-5.5.0.jar!/com, file:/C:/Users/sigmu/.gradle/caches/modules-2/files-2.1/net.java.dev.jna/jna/5.5.0/e0845217c4907822403912ad6828d8e0b256208/jna-5.5.0.jar!/com, file:/C:/Users/sigmu/.gradle/caches/modules-2/files-2.1/com.typesafe/config/1.3.1/2cf7a6cc79732e3bdf1647d7404279900ca63eb0/config-1.3.1.jar!/com, file:/C:/Users/sigmu/.gradle/caches/modules-2/files-2.1/org.jetbrains.kotlinx/kotlinx-coroutines-debug/1.4.3-native-mt/3b62217236c6a91d71a0e82da36f3cc3ea6a143b/kotlinx-coroutines-debug-1.4.3-native-mt.jar!/kotlinx, file:/C:/Users/sigmu/.gradle/caches/modules-2/files-2.1/org.jetbrains.kotlinx/kotlinx-serialization-json-jvm/1.1.0/86c26030512eb057e02c9bfcfdfd9e2fbb82201/kotlinx-serialization-json-jvm-1.1.0.jar!/kotlinx, file:/C:/Users/sigmu/.gradle/caches/modules-2/files-2.1/org.jetbrains.kotlinx/kotlinx-coroutines-jdk8/1.4.3-native-mt/50b6c03b6884fd72daab32cd5ee90595a1f39214/kotlinx-coroutines-jdk8-1.4.3-native-mt.jar!/kotlinx, file:/C:/Users/sigmu/.gradle/caches/modules-2/files-2.1/org.jetbrains.kotlinx/kotlinx-coroutines-core-jvm/1.4.3-native-mt/9754d22654c0219bf1e43eec79012556f80f8eff/kotlinx-coroutines-core-jvm-1.4.3-native-mt.jar!/kotlinx, file:/C:/Users/sigmu/.gradle/caches/modules-2/files-2.1/org.jetbrains.kotlinx/kotlinx-serialization-core-jvm/1.1.0/6a6d0b8e8a44c48e206e435d279b1773832f4f1b/kotlinx-serialization-core-jvm-1.1.0.jar!/kotlinx, file:/C:/Users/sigmu/.gradle/caches/modules-2/files-2.1/org.jetbrains.kotlin/kotlin-stdlib-jdk8/1.4.32/3302f9ec8a5c1ed220781dbd37770072549bd333/kotlin-stdlib-jdk8-1.4.32.jar!/kotlin/, file:/C:/Users/sigmu/.gradle/caches/modules-2/files-2.1/org.jetbrains.kotlin/kotlin-stdlib-jdk7/1.4.32/3546900a3ebff0c43f31190baf87a9220e37b7ea/kotlin-stdlib-jdk7-1.4.32.jar!/kotlin/, file:/C:/Users/sigmu/.gradle/caches/modules-2/files-2.1/org.jetbrains.kotlin/kotlin-test-junit/1.4.32/98c6b4f870ed7e79fc540f0107cbb7884622a6a3/kotlin-test-junit-1.4.32.jar!/kotlin/, file:/C:/Users/sigmu/.gradle/caches/modules-2/files-2.1/org.jetbrains.kotlin/kotlin-test/1.4.32/b69ce2967e16fc561f60120f97af6398f1610ee1/kotlin-test-1.4.32.jar!/kotlin/, file:/C:/Users/sigmu/.gradle/caches/modules-2/files-2.1/org.jetbrains.kotlin/kotlin-reflect/1.4.32/ce852b166d97f0f1991b5130c2bb02e2ef6c554e/kotlin-reflect-1.4.32.jar!/META-INF/versions/9/kotlin/, file:/C:/Users/sigmu/.gradle/caches/modules-2/files-2.1/org.jetbrains.kotlin/kotlin-stdlib/1.4.32/461367948840adbb0839c51d91ed74ef4a9ccb52/kotlin-stdlib-1.4.32.jar!/kotlin/, file:/C:/Users/sigmu/.gradle/caches/modules-2/files-2.1/org.jetbrains.kotlin/kotlin-test-annotations-common/1.4.32/f242cb223feb6d44e79588c26ca66bf57b0bc3a8/kotlin-test-annotations-common-1.4.32.jar!/kotlin, file:/C:/Users/sigmu/.gradle/caches/modules-2/files-2.1/org.jetbrains.kotlin/kotlin-test-common/1.4.32/a10168dd408319a4af03763ad11f12e0fc1fc5ba/kotlin-test-common-1.4.32.jar!/kotlin, file:/C:/Users/sigmu/.gradle/caches/modules-2/files-2.1/org.jetbrains.kotlin/kotlin-stdlib-common/1.4.32/ef50bfa2c0491a11dcc35d9822edbfd6170e1ea2/kotlin-stdlib-common-1.4.32.jar!/kotlin, /C:/Users/sigmu/foredrag/ktorexample/build/classes/kotlin/test/smn/ktorexample, /C:/Users/sigmu/foredrag/ktorexample/build/classes/kotlin/main/smn/ktorexample, /C:/Users/sigmu/foredrag/ktorexample/build/classes/kotlin/test/, /C:/Users/sigmu/foredrag/ktorexample/build/tmp/kapt3/classes/test/, /C:/Users/sigmu/foredrag/ktorexample/build/classes/kotlin/main/, /C:/Users/sigmu/foredrag/ktorexample/build/tmp/kapt3/classes/main/, /C:/Users/sigmu/foredrag/ktorexample/build/resources/main/, file:/C:/Users/sigmu/.gradle/caches/modules-2/files-2.1/net.bytebuddy/byte-buddy/1.10.14/5288bd154aa7bc8ea81a658f60a790f646025832/byte-buddy-1.10.14.jar!/META-INF/versions/9/, file:/C:/Users/sigmu/.gradle/caches/modules-2/files-2.1/net.bytebuddy/byte-buddy-agent/1.10.14/627b576d22189363c49eb59859664490ae230b38/byte-buddy-agent-1.10.14.jar!/META-INF/versions/9/]
17:49:34.873 [Test worker] INFO ktor.test - No ktor.deployment.watch patterns match classpath entries, automatic reload is not active
17:49:34.929 [Test worker] WARN ktor.test - Installing TEST transaction module, this is extremely unsafe in production.
17:49:35.410 [DefaultDispatcher-worker-1 @request#1] DEBUG org.ktorm.database - SQL: select keyval.key as keyval_key, keyval."value" as keyval_value from keyval where keyval.key = ? limit ? 
17:49:35.411 [DefaultDispatcher-worker-1 @request#1] DEBUG org.ktorm.database - Parameters: [car(varchar), 1(int)]
17:49:35.431 [DefaultDispatcher-worker-1 @request#1] DEBUG org.ktorm.database - Results: 0
17:49:35.545 [DefaultDispatcher-worker-2 @request#5] DEBUG org.ktorm.database - SQL: insert into keyval (key, "value") values (?, ?) on conflict (key) do update set "value" = ? 
17:49:35.546 [DefaultDispatcher-worker-2 @request#5] DEBUG org.ktorm.database - Parameters: [car(varchar), Tesla(varchar), Tesla(varchar)]
17:49:35.548 [DefaultDispatcher-worker-2 @request#5] DEBUG org.ktorm.database - Effects: 1
17:49:35.554 [DefaultDispatcher-worker-2 @request#7] DEBUG org.ktorm.database - SQL: select keyval.key as keyval_key, keyval."value" as keyval_value from keyval where keyval.key = ? limit ? 
17:49:35.554 [DefaultDispatcher-worker-2 @request#7] DEBUG org.ktorm.database - Parameters: [car(varchar), 1(int)]
17:49:35.556 [DefaultDispatcher-worker-2 @request#7] DEBUG org.ktorm.database - Results: 1
17:49:35.695 [Test worker] DEBUG ktor.test - Java Home: C:\Program Files\Zulu
17:49:35.695 [Test worker] DEBUG ktor.test - Class Loader: jdk.internal.loader.ClassLoaders$AppClassLoader@2f333739: [file:/C:/Users/sigmu/.gradle/caches/modules-2/files-2.1/ch.qos.logback/logback-classic/1.2.3/7c4f3c474fb2c041d8028740440937705ebb473a/logback-classic-1.2.3.jar!/ch, file:/C:/Users/sigmu/.gradle/caches/modules-2/files-2.1/ch.qos.logback/logback-core/1.2.3/864344400c3d4d92dfeb0a305dc87d953677c03c/logback-core-1.2.3.jar!/ch, file:/C:/Users/sigmu/.gradle/caches/modules-2/files-2.1/org.apache.tomcat.embed/tomcat-embed-core/9.0.37/c3f788de87f17eb57a9e7083736c1820fcbc1046/tomcat-embed-core-9.0.37.jar!/javax, file:/C:/Users/sigmu/.gradle/caches/modules-2/files-2.1/org.apache.tomcat/tomcat-jsp-api/9.0.37/2db6ce249fd97d1c679d65076a90d0c0e4201cbf/tomcat-jsp-api-9.0.37.jar!/javax, file:/C:/Users/sigmu/.gradle/caches/modules-2/files-2.1/org.apache.tomcat/tomcat-servlet-api/9.0.37/2a6243cc9f34698a58915f91c0b1ca573e01465c/tomcat-servlet-api-9.0.37.jar!/javax, file:/C:/Users/sigmu/.gradle/caches/modules-2/files-2.1/org.apache.tomcat/tomcat-annotations-api/9.0.37/888a1285ad5f3ac4055b2273f31d96e130e170a8/tomcat-annotations-api-9.0.37.jar!/javax, file:/C:/Users/sigmu/.gradle/caches/modules-2/files-2.1/org.apache.tomcat/tomcat-jaspic-api/9.0.37/1f9f1b8afafc281d3721b2aef120b50a9f2c8fd5/tomcat-jaspic-api-9.0.37.jar!/javax, file:/C:/Users/sigmu/.gradle/caches/modules-2/files-2.1/org.apache.tomcat/tomcat-el-api/9.0.37/a837d2b64c33dcd7781917a345b9b0946bd43024/tomcat-el-api-9.0.37.jar!/javax, file:/C:/Users/sigmu/.gradle/caches/modules-2/files-2.1/io.ktor/ktor-server-tomcat/1.5.3/171a7bcae6b9c7c5506c91e20dea3352effb7653/ktor-server-tomcat-jvm-1.5.3.jar!/io, file:/C:/Users/sigmu/.gradle/caches/modules-2/files-2.1/io.ktor/ktor-server-test-host/1.5.3/b82005dd38aa8db4255739870dc42f6c01dae056/ktor-server-test-host-jvm-1.5.3.jar!/io, file:/C:/Users/sigmu/.gradle/caches/modules-2/files-2.1/io.ktor/ktor-server-servlet/1.5.3/1150cb45130bdd196e7f2dffc892ec8b65046bf7/ktor-server-servlet-jvm-1.5.3.jar!/io, file:/C:/Users/sigmu/.gradle/caches/modules-2/files-2.1/io.ktor/ktor-server-host-common/1.5.3/abb76562c666262cfb28788783b3203fb2592e24/ktor-server-host-common-jvm-1.5.3.jar!/io, file:/C:/Users/sigmu/.gradle/caches/modules-2/files-2.1/io.ktor/ktor-locations/1.5.3/8dfb5e7a12740b3c0e7df41c131a91a8921f9b00/ktor-locations-jvm-1.5.3.jar!/io, file:/C:/Users/sigmu/.gradle/caches/modules-2/files-2.1/io.ktor/ktor-auth/1.5.3/5b148e1bc55844564ddc54391a52d122b8ce5f21/ktor-auth-jvm-1.5.3.jar!/io, file:/C:/Users/sigmu/.gradle/caches/modules-2/files-2.1/io.ktor/ktor-gson/1.5.3/7452a4069cd796a4a71081ad1a104cce54438414/ktor-gson-jvm-1.5.3.jar!/io, file:/C:/Users/sigmu/.gradle/caches/modules-2/files-2.1/io.ktor/ktor-serialization/1.5.3/a6ec30181047989d56f2cd60f7099798a4adea51/ktor-serialization-jvm-1.5.3.jar!/io, file:/C:/Users/sigmu/.gradle/caches/modules-2/files-2.1/io.ktor/ktor-jackson/1.5.3/570aad27e904dff64488ae8856513eb73ec6b79e/ktor-jackson-jvm-1.5.3.jar!/io, file:/C:/Users/sigmu/.gradle/caches/modules-2/files-2.1/io.ktor/ktor-websockets/1.5.3/5ed6792635da0b358dbd490aef6f9819bc8b0182/ktor-websockets-jvm-1.5.3.jar!/io, file:/C:/Users/sigmu/.gradle/caches/modules-2/files-2.1/io.ktor/ktor-server-core/1.5.3/57b40229736eb08d505c23e37374aa932694d6f6/ktor-server-core-jvm-1.5.3.jar!/io, file:/C:/Users/sigmu/.gradle/caches/modules-2/files-2.1/io.ktor/ktor-network-tls-certificates/1.5.3/7531af95820416d3ba2884444e9f255433dc4d1f/ktor-network-tls-certificates-jvm-1.5.3.jar!/io, file:/C:/Users/sigmu/.gradle/caches/modules-2/files-2.1/io.zonky.test/embedded-postgres/1.2.9/aeae8f90b8cbd2cae646878811084a25a28232d8/embedded-postgres-1.2.9.jar!/io, file:/C:/Users/sigmu/.gradle/caches/modules-2/files-2.1/io.ktor/ktor-client-gson/1.5.3/4798c8db585f0eaaba29832a705418f083198de5/ktor-client-gson-jvm-1.5.3.jar!/io, file:/C:/Users/sigmu/.gradle/caches/modules-2/files-2.1/io.ktor/ktor-client-cio-jvm/1.5.3/8b4867b0fdf8258f57e2b46524bad17f29a04531/ktor-client-cio-jvm-1.5.3.jar!/io, file:/C:/Users/sigmu/.gradle/caches/modules-2/files-2.1/io.ktor/ktor-network-tls-jvm/1.5.3/106b586b539f187cfe555fb2868d989fcf1a622d/ktor-network-tls-jvm-1.5.3.jar!/io, file:/C:/Users/sigmu/.gradle/caches/modules-2/files-2.1/io.ktor/ktor-client-json-jvm/1.5.3/f0971990fb69ac6e73d52eb843b8d8acdbfbcadc/ktor-client-json-jvm-1.5.3.jar!/io, file:/C:/Users/sigmu/.gradle/caches/modules-2/files-2.1/io.ktor/ktor-client-jetty/1.5.3/2040c0a7c707075cc53bc8e7f66b8ec4f19eeb79/ktor-client-jetty-jvm-1.5.3.jar!/io, file:/C:/Users/sigmu/.gradle/caches/modules-2/files-2.1/io.ktor/ktor-client-core-jvm/1.5.3/49e763e2160be29be031e2c1fb888c5ce5bd65d6/ktor-client-core-jvm-1.5.3.jar!/io, file:/C:/Users/sigmu/.gradle/caches/modules-2/files-2.1/io.ktor/ktor-http-cio-jvm/1.5.3/57deb2da2962c89baf7dceb17a7383d970a50281/ktor-http-cio-jvm-1.5.3.jar!/io, file:/C:/Users/sigmu/.gradle/caches/modules-2/files-2.1/io.ktor/ktor-http-jvm/1.5.3/f2a0fe59aa872db562746880f27b493f7bff4fa7/ktor-http-jvm-1.5.3.jar!/io, file:/C:/Users/sigmu/.gradle/caches/modules-2/files-2.1/io.ktor/ktor-network-jvm/1.5.3/84baa7cc3b370e47a69de83d7b33f02972614a2a/ktor-network-jvm-1.5.3.jar!/io, file:/C:/Users/sigmu/.gradle/caches/modules-2/files-2.1/io.ktor/ktor-utils-jvm/1.5.3/dbdd7b90a445e1c7ae248b6549c221dbf8d27651/ktor-utils-jvm-1.5.3.jar!/io, file:/C:/Users/sigmu/.gradle/caches/modules-2/files-2.1/io.ktor/ktor-io-jvm/1.5.3/12830f733943a59807770799c0394624749ba649/ktor-io-jvm-1.5.3.jar!/io, file:/C:/Users/sigmu/.gradle/caches/modules-2/files-2.1/io.mockk/mockk/1.10.6/59ad4fd4ac3c0aa8983caca2993aad3824b26eb3/mockk-1.10.6.jar!/io, file:/C:/Users/sigmu/.gradle/caches/modules-2/files-2.1/io.mockk/mockk-agent-jvm/1.10.6/d2e8a0bf987d2f50d69798c9bbbb4dba18067950/mockk-agent-jvm-1.10.6.jar!/io, file:/C:/Users/sigmu/.gradle/caches/modules-2/files-2.1/io.mockk/mockk-common/1.10.6/d252d3bc25f66dd9b0195329a8868fcb2c7f95d2/mockk-common-1.10.6.jar!/io, file:/C:/Users/sigmu/.gradle/caches/modules-2/files-2.1/io.mockk/mockk-dsl-jvm/1.10.6/e99abb6d11ec4b587e180a0e3c1d62bd93c096df/mockk-dsl-jvm-1.10.6.jar!/io, file:/C:/Users/sigmu/.gradle/caches/modules-2/files-2.1/io.mockk/mockk-agent-common/1.10.6/681fd3a944d98ad3b105bcb24199fa2a63d10b2d/mockk-agent-common-1.10.6.jar!/io, file:/C:/Users/sigmu/.gradle/caches/modules-2/files-2.1/io.mockk/mockk-agent-api/1.10.6/77dc50fdcba50d9596771624dc54b78b19241e11/mockk-agent-api-1.10.6.jar!/io, file:/C:/Users/sigmu/.gradle/caches/modules-2/files-2.1/io.mockk/mockk-dsl/1.10.6/823602e69dc2c6b6368aa73da8cc3903bd6ad694/mockk-dsl-1.10.6.jar!/io, /C:/Users/sigmu/foredrag/ktorexample/build/classes/kotlin/test/smn, /C:/Users/sigmu/foredrag/ktorexample/build/classes/kotlin/main/smn, file:/C:/Users/sigmu/.gradle/caches/modules-2/files-2.1/com.mchange/c3p0/0.9.5.5/37dfc3021e5589d65ff2ae0becf811510b87ab01/c3p0-0.9.5.5.jar!/com, file:/C:/Users/sigmu/.gradle/caches/modules-2/files-2.1/com.fasterxml.jackson.datatype/jackson-datatype-jsr310/2.10.2/8d95d3f2b20c7d2f598b6d5e7f4e2d688ac1bc78/jackson-datatype-jsr310-2.10.2.jar!/com, file:/C:/Users/sigmu/.gradle/caches/modules-2/files-2.1/com.fasterxml.jackson.module/jackson-module-kotlin/2.10.2/939796de1ff084e55fc7bbfc9d34cb0b8ac97fb8/jackson-module-kotlin-2.10.2.jar!/com, file:/C:/Users/sigmu/.gradle/caches/modules-2/files-2.1/com.mchange/mchange-commons-java/0.2.19/7a4bee38ea02bd7dee776869b19fb3f6861d6acf/mchange-commons-java-0.2.19.jar!/com, file:/C:/Users/sigmu/.gradle/caches/modules-2/files-2.1/com.google.code.gson/gson/2.8.6/9180733b7df8542621dc12e21e87557e8c99b8cb/gson-2.8.6.jar!/com, file:/C:/Users/sigmu/.gradle/caches/modules-2/files-2.1/com.fasterxml.jackson.core/jackson-databind/2.10.2/528de95f198afafbcfb0c09d2e43b6e0ea663ec/jackson-databind-2.10.2.jar!/com, file:/C:/Users/sigmu/.gradle/caches/modules-2/files-2.1/com.fasterxml.jackson.core/jackson-annotations/2.10.2/3a13b6105946541b8d4181a0506355b5fae63260/jackson-annotations-2.10.2.jar!/com, file:/C:/Users/sigmu/.gradle/caches/modules-2/files-2.1/com.fasterxml.jackson.core/jackson-core/2.10.2/73d4322a6bda684f676a2b5fe918361c4e5c7cca/jackson-core-2.10.2.jar!/com, file:/C:/Users/sigmu/.gradle/caches/modules-2/files-2.1/net.java.dev.jna/jna-platform/5.5.0/af38e7c4d0fc73c23ecd785443705bfdee5b90bf/jna-platform-5.5.0.jar!/com, file:/C:/Users/sigmu/.gradle/caches/modules-2/files-2.1/net.java.dev.jna/jna/5.5.0/e0845217c4907822403912ad6828d8e0b256208/jna-5.5.0.jar!/com, file:/C:/Users/sigmu/.gradle/caches/modules-2/files-2.1/com.typesafe/config/1.3.1/2cf7a6cc79732e3bdf1647d7404279900ca63eb0/config-1.3.1.jar!/com, file:/C:/Users/sigmu/.gradle/caches/modules-2/files-2.1/org.jetbrains.kotlin/kotlin-stdlib-jdk8/1.4.32/3302f9ec8a5c1ed220781dbd37770072549bd333/kotlin-stdlib-jdk8-1.4.32.jar!/kotlin/, file:/C:/Users/sigmu/.gradle/caches/modules-2/files-2.1/org.jetbrains.kotlin/kotlin-stdlib-jdk7/1.4.32/3546900a3ebff0c43f31190baf87a9220e37b7ea/kotlin-stdlib-jdk7-1.4.32.jar!/kotlin/, file:/C:/Users/sigmu/.gradle/caches/modules-2/files-2.1/org.jetbrains.kotlin/kotlin-test-junit/1.4.32/98c6b4f870ed7e79fc540f0107cbb7884622a6a3/kotlin-test-junit-1.4.32.jar!/kotlin/, file:/C:/Users/sigmu/.gradle/caches/modules-2/files-2.1/org.jetbrains.kotlin/kotlin-test/1.4.32/b69ce2967e16fc561f60120f97af6398f1610ee1/kotlin-test-1.4.32.jar!/kotlin/, file:/C:/Users/sigmu/.gradle/caches/modules-2/files-2.1/org.jetbrains.kotlin/kotlin-reflect/1.4.32/ce852b166d97f0f1991b5130c2bb02e2ef6c554e/kotlin-reflect-1.4.32.jar!/META-INF/versions/9/kotlin/, file:/C:/Users/sigmu/.gradle/caches/modules-2/files-2.1/org.jetbrains.kotlin/kotlin-stdlib/1.4.32/461367948840adbb0839c51d91ed74ef4a9ccb52/kotlin-stdlib-1.4.32.jar!/kotlin/, file:/C:/Users/sigmu/.gradle/caches/modules-2/files-2.1/org.jetbrains.kotlin/kotlin-test-annotations-common/1.4.32/f242cb223feb6d44e79588c26ca66bf57b0bc3a8/kotlin-test-annotations-common-1.4.32.jar!/kotlin, file:/C:/Users/sigmu/.gradle/caches/modules-2/files-2.1/org.jetbrains.kotlin/kotlin-test-common/1.4.32/a10168dd408319a4af03763ad11f12e0fc1fc5ba/kotlin-test-common-1.4.32.jar!/kotlin, file:/C:/Users/sigmu/.gradle/caches/modules-2/files-2.1/org.jetbrains.kotlin/kotlin-stdlib-common/1.4.32/ef50bfa2c0491a11dcc35d9822edbfd6170e1ea2/kotlin-stdlib-common-1.4.32.jar!/kotlin, file:/C:/Users/sigmu/.gradle/caches/modules-2/files-2.1/org.slf4j/slf4j-api/1.7.30/b5a4b6d16ab13e34a88fae84c35cd5d68cac922c/slf4j-api-1.7.30.jar!/org, file:/C:/Users/sigmu/.gradle/caches/modules-2/files-2.1/org.ktorm/ktorm-support-postgresql/3.3.0/af097d8d3a582e49efdf45e055950a4883180a8d/ktorm-support-postgresql-3.3.0.jar!/org, file:/C:/Users/sigmu/.gradle/caches/modules-2/files-2.1/org.ktorm/ktorm-core/3.3.0/65594fe4a272d2a767bcfc412e9de769b0a0f255/ktorm-core-3.3.0.jar!/org, file:/C:/Users/sigmu/.gradle/caches/modules-2/files-2.1/org.postgresql/postgresql/42.2.14/45fa6eef266aa80024ef2ab3688d9faa38c642e5/postgresql-42.2.14.jar!/org, file:/C:/Users/sigmu/.gradle/caches/modules-2/files-2.1/org.flywaydb/flyway-core/7.5.4/8876b0ac0ca790660d8d0c9db6eb742d6e06631d/flyway-core-7.5.4.jar!/org, file:/C:/Users/sigmu/.gradle/caches/modules-2/files-2.1/org.junit.jupiter/junit-jupiter-params/5.7.1/6f81b3c053433a8a40a378d2b4f056c5c31e50ff/junit-jupiter-params-5.7.1.jar!/org, file:/C:/Users/sigmu/.gradle/caches/modules-2/files-2.1/org.junit.jupiter/junit-jupiter-engine/5.7.1/7fcfa59c5533abb41f86b1408960737eeaf1f49f/junit-jupiter-engine-5.7.1.jar!/org, file:/C:/Users/sigmu/.gradle/caches/modules-2/files-2.1/org.junit.jupiter/junit-jupiter-api/5.7.1/a7261dff44e64aea7f621842eac5977fd6d2412d/junit-jupiter-api-5.7.1.jar!/org, file:/C:/Users/sigmu/.gradle/caches/modules-2/files-2.1/org.junit.platform/junit-platform-engine/1.7.1/d276a968c57f5d60a421dedd1f8b6ca2fae09e86/junit-platform-engine-1.7.1.jar!/org, file:/C:/Users/sigmu/.gradle/caches/modules-2/files-2.1/org.junit.platform/junit-platform-commons/1.7.1/7c49f0074842d07f4335de2389d624a7437d1407/junit-platform-commons-1.7.1.jar!/META-INF/versions/9/org/, file:/C:/Users/sigmu/.gradle/caches/modules-2/files-2.1/org.apache.commons/commons-lang3/3.10/e155460aaf5b464062a09c3923f089ce99128a17/commons-lang3-3.10.jar!/org, file:/C:/Users/sigmu/.gradle/caches/modules-2/files-2.1/org.apache.commons/commons-compress/1.20/b8df472b31e1f17c232d2ad78ceb1c84e00c641b/commons-compress-1.20.jar!/org, file:/C:/Users/sigmu/.gradle/caches/modules-2/files-2.1/org.tukaani/xz/1.8/c4f7d054303948eb6a4066194253886c8af07128/xz-1.8.jar!/org, file:/C:/Users/sigmu/.gradle/caches/modules-2/files-2.1/commons-io/commons-io/2.7/3f2bd4ba11c4162733c13cc90ca7c7ea09967102/commons-io-2.7.jar!/org, file:/C:/Users/sigmu/.gradle/caches/modules-2/files-2.1/commons-codec/commons-codec/1.14/3cb1181b2141a7e752f5bdc998b7ef1849f726cf/commons-codec-1.14.jar!/org, file:/C:/Users/sigmu/.gradle/caches/modules-2/files-2.1/org.apache.tomcat/tomcat-catalina/9.0.37/ce4e8d5bc540b0cc6acd69bf81c885e0a1288067/tomcat-catalina-9.0.37.jar!/org, file:/C:/Users/sigmu/.gradle/caches/modules-2/files-2.1/org.eclipse.jetty.http2/http2-http-client-transport/9.4.31.v20200723/6b12bda474f3033d2213af1e7dc49a08f9922852/http2-http-client-transport-9.4.31.v20200723.jar!/org, file:/C:/Users/sigmu/.gradle/caches/modules-2/files-2.1/org.eclipse.jetty.http2/http2-client/9.4.31.v20200723/941313dcc9846ef76523e1947083206a103ca763/http2-client-9.4.31.v20200723.jar!/org, file:/C:/Users/sigmu/.gradle/caches/modules-2/files-2.1/org.eclipse.jetty/jetty-client/9.4.31.v20200723/a4d779d1dcd7fa948d1175ebf3e20a0b0caacdc/jetty-client-9.4.31.v20200723.jar!/org, file:/C:/Users/sigmu/.gradle/caches/modules-2/files-2.1/junit/junit/4.12/2973d150c0dc1fefe998f834810d68f278ea58ec/junit-4.12.jar!/org, file:/C:/Users/sigmu/.gradle/caches/modules-2/files-2.1/org.jetbrains/annotations/13.0/919f0dfe192fb4e063e7dacadee7f8bb9a2672a9/annotations-13.0.jar!/org, file:/C:/Users/sigmu/.gradle/caches/modules-2/files-2.1/org.apache.tomcat/tomcat-util-scan/9.0.37/18122c4ac58e9bc910b70c817bd8038291f39513/tomcat-util-scan-9.0.37.jar!/org, file:/C:/Users/sigmu/.gradle/caches/modules-2/files-2.1/org.apache.tomcat/tomcat-api/9.0.37/6f0839e1a9e2d3d562d40067844b1d18cb47ebef/tomcat-api-9.0.37.jar!/org, file:/C:/Users/sigmu/.gradle/caches/modules-2/files-2.1/org.apache.tomcat/tomcat-coyote/9.0.37/af21be1f849915bc386de305f26fd894e5767247/tomcat-coyote-9.0.37.jar!/org, file:/C:/Users/sigmu/.gradle/caches/modules-2/files-2.1/org.apache.tomcat/tomcat-util/9.0.37/7fd158293f4787be31eb3e16457da89d9a0fb35f/tomcat-util-9.0.37.jar!/org, file:/C:/Users/sigmu/.gradle/caches/modules-2/files-2.1/org.apache.tomcat/tomcat-juli/9.0.37/5112dae6d0295717ab8fcc9b100af612d5486663/tomcat-juli-9.0.37.jar!/org, file:/C:/Users/sigmu/.gradle/caches/modules-2/files-2.1/org.apache.tomcat/tomcat-jni/9.0.37/35d43c37ceb599b19d70eacdc45619061d6eb2cd/tomcat-jni-9.0.37.jar!/org, file:/C:/Users/sigmu/.gradle/caches/modules-2/files-2.1/org.apiguardian/apiguardian-api/1.1.0/fc9dff4bb36d627bdc553de77e1f17efd790876c/apiguardian-api-1.1.0.jar!/org, file:/C:/Users/sigmu/.gradle/caches/modules-2/files-2.1/org.opentest4j/opentest4j/1.2.0/28c11eb91f9b6d8e200631d46e20a7f407f2a046/opentest4j-1.2.0.jar!/org, file:/C:/Users/sigmu/.gradle/caches/modules-2/files-2.1/org.objenesis/objenesis/3.1/48f12deaae83a8dfc3775d830c9fd60ea59bbbca/objenesis-3.1.jar!/org, file:/C:/Users/sigmu/.gradle/caches/modules-2/files-2.1/org.eclipse.jetty.http2/http2-common/9.4.31.v20200723/dd6fc64e41103afca8f9c1c1465ec24541e5681c/http2-common-9.4.31.v20200723.jar!/org, file:/C:/Users/sigmu/.gradle/caches/modules-2/files-2.1/org.eclipse.jetty/jetty-alpn-openjdk8-client/9.4.31.v20200723/5c4c0f19a0a1c8a760c298049be7412f7e901bce/jetty-alpn-openjdk8-client-9.4.31.v20200723.jar!/org, file:/C:/Users/sigmu/.gradle/caches/modules-2/files-2.1/org.eclipse.jetty/jetty-alpn-java-client/9.4.31.v20200723/f863d49267102c624812efd1ec7f43d6e8c1c30b/jetty-alpn-java-client-9.4.31.v20200723.jar!/org, file:/C:/Users/sigmu/.gradle/caches/modules-2/files-2.1/org.eclipse.jetty/jetty-alpn-client/9.4.31.v20200723/32a4ae2f1eb4d40c9411e092089b867d29e09e9c/jetty-alpn-client-9.4.31.v20200723.jar!/org, file:/C:/Users/sigmu/.gradle/caches/modules-2/files-2.1/org.eclipse.jetty.http2/http2-hpack/9.4.31.v20200723/836f1a761bf5942494b3c41c9470ea1cd39c8420/http2-hpack-9.4.31.v20200723.jar!/org, file:/C:/Users/sigmu/.gradle/caches/modules-2/files-2.1/org.eclipse.jetty/jetty-http/9.4.31.v20200723/6862f0e6fc7e9f8828416a7cae1477b233d92f8/jetty-http-9.4.31.v20200723.jar!/org, file:/C:/Users/sigmu/.gradle/caches/modules-2/files-2.1/org.eclipse.jetty/jetty-io/9.4.31.v20200723/328e4562e0f30e01efea63efe4fc24b2b860d852/jetty-io-9.4.31.v20200723.jar!/org, file:/C:/Users/sigmu/.gradle/caches/modules-2/files-2.1/org.hamcrest/hamcrest-core/1.3/42a25dc3219429f0e5d060061f71acb49bf010a0/hamcrest-core-1.3.jar!/org, file:/C:/Users/sigmu/.gradle/caches/modules-2/files-2.1/com.googlecode.json-simple/json-simple/1.1.1/c9ad4a0850ab676c5c64461a05ca524cdfff59f1/json-simple-1.1.1.jar!/org, file:/C:/Users/sigmu/.gradle/caches/modules-2/files-2.1/org.eclipse.jetty/jetty-util/9.4.31.v20200723/b9c346da72d8715bdfb0373a123374ec6ac9e544/jetty-util-9.4.31.v20200723.jar!/org, file:/C:/Users/sigmu/.gradle/caches/modules-2/files-2.1/org.jetbrains.kotlinx/kotlinx-coroutines-debug/1.4.3-native-mt/3b62217236c6a91d71a0e82da36f3cc3ea6a143b/kotlinx-coroutines-debug-1.4.3-native-mt.jar!/kotlinx, file:/C:/Users/sigmu/.gradle/caches/modules-2/files-2.1/org.jetbrains.kotlinx/kotlinx-serialization-json-jvm/1.1.0/86c26030512eb057e02c9bfcfdfd9e2fbb82201/kotlinx-serialization-json-jvm-1.1.0.jar!/kotlinx, file:/C:/Users/sigmu/.gradle/caches/modules-2/files-2.1/org.jetbrains.kotlinx/kotlinx-coroutines-jdk8/1.4.3-native-mt/50b6c03b6884fd72daab32cd5ee90595a1f39214/kotlinx-coroutines-jdk8-1.4.3-native-mt.jar!/kotlinx, file:/C:/Users/sigmu/.gradle/caches/modules-2/files-2.1/org.jetbrains.kotlinx/kotlinx-coroutines-core-jvm/1.4.3-native-mt/9754d22654c0219bf1e43eec79012556f80f8eff/kotlinx-coroutines-core-jvm-1.4.3-native-mt.jar!/kotlinx, file:/C:/Users/sigmu/.gradle/caches/modules-2/files-2.1/org.jetbrains.kotlinx/kotlinx-serialization-core-jvm/1.1.0/6a6d0b8e8a44c48e206e435d279b1773832f4f1b/kotlinx-serialization-core-jvm-1.1.0.jar!/kotlinx, /C:/Users/sigmu/foredrag/ktorexample/build/classes/kotlin/test/smn/ktorexample, /C:/Users/sigmu/foredrag/ktorexample/build/classes/kotlin/main/smn/ktorexample, /C:/Users/sigmu/foredrag/ktorexample/build/classes/kotlin/test/, /C:/Users/sigmu/foredrag/ktorexample/build/tmp/kapt3/classes/test/, /C:/Users/sigmu/foredrag/ktorexample/build/classes/kotlin/main/, /C:/Users/sigmu/foredrag/ktorexample/build/tmp/kapt3/classes/main/, /C:/Users/sigmu/foredrag/ktorexample/build/resources/main/, file:/C:/Users/sigmu/.gradle/caches/modules-2/files-2.1/net.bytebuddy/byte-buddy/1.10.14/5288bd154aa7bc8ea81a658f60a790f646025832/byte-buddy-1.10.14.jar!/META-INF/versions/9/, file:/C:/Users/sigmu/.gradle/caches/modules-2/files-2.1/net.bytebuddy/byte-buddy-agent/1.10.14/627b576d22189363c49eb59859664490ae230b38/byte-buddy-agent-1.10.14.jar!/META-INF/versions/9/]
17:49:35.697 [Test worker] INFO ktor.test - No ktor.deployment.watch patterns match classpath entries, automatic reload is not active
17:49:35.698 [Test worker] WARN ktor.test - Installing TEST transaction module, this is extremely unsafe in production.
17:49:35.700 [DefaultDispatcher-worker-2 @request#11] DEBUG org.ktorm.database - SQL: select keyval.key as keyval_key, keyval."value" as keyval_value from keyval where keyval.key = ? limit ? 
17:49:35.700 [DefaultDispatcher-worker-2 @request#11] DEBUG org.ktorm.database - Parameters: [car(varchar), 1(int)]
17:49:35.702 [DefaultDispatcher-worker-2 @request#11] DEBUG org.ktorm.database - Results: 0
17:49:35.708 [DefaultDispatcher-worker-4 @request#15] DEBUG org.ktorm.database - SQL: insert into keyval (key, "value") values (?, ?) on conflict (key) do update set "value" = ? 
17:49:35.708 [DefaultDispatcher-worker-4 @request#15] DEBUG org.ktorm.database - Parameters: [car(varchar), Toyota(varchar), Toyota(varchar)]
17:49:35.709 [DefaultDispatcher-worker-4 @request#15] DEBUG org.ktorm.database - Effects: 1
17:49:35.713 [DefaultDispatcher-worker-4 @request#17] DEBUG org.ktorm.database - SQL: select keyval.key as keyval_key, keyval."value" as keyval_value from keyval where keyval.key = ? limit ? 
17:49:35.713 [DefaultDispatcher-worker-4 @request#17] DEBUG org.ktorm.database - Parameters: [car(varchar), 1(int)]
17:49:35.714 [DefaultDispatcher-worker-4 @request#17] DEBUG org.ktorm.database - Results: 1
]]></system-out>
  <system-err><![CDATA[]]></system-err>
</testsuite>
